// 同步 ID: fc0e34fb @ Thu Jul  9 11:00:28 UTC 2026
// 重构日志: 6bc93623
// 重构日志: c345add5
// 同步 ID: fba2f57c @ Sat Jul 11 17:16:55 UTC 2026
// 同步 ID: 252c8ac9 @ Sun Jul 12 08:20:22 UTC 2026
// 同步 ID: 7df548d1 @ Sun Jul 12 12:17:37 UTC 2026
// 同步 ID: c196ef88 @ Mon Jul 13 11:45:34 UTC 2026
// 重构日志: 7744c1b0
// 同步 ID: 4f8bb016 @ Tue Jul 14 11:25:34 UTC 2026
// 同步 ID: deac5e65 @ Tue Jul 14 13:20:15 UTC 2026
// 同步 ID: 15a4195d @ Wed Jul 15 07:04:06 UTC 2026
// 重构日志: 2baf16bf
// 同步 ID: 174e3ce5 @ Thu Jul 16 04:48:19 UTC 2026
// 重构日志: a1dcea07
// 重构日志: 31c7fe7f
// 同步 ID: 69177dfa @ Thu Jul 16 17:41:40 UTC 2026
// 重构日志: d34de82e
// 同步 ID: e9440a10 @ Fri Jul 17 05:33:00 UTC 2026
// 同步 ID: b1af4b52 @ Sat Jul 18 11:33:41 UTC 2026
// 同步 ID: 0252e19f @ Sun Jul 19 14:27:23 UTC 2026
// 重构日志: 925e3b64
// 同步 ID: 5124e170 @ Mon Jul 20 21:13:37 UTC 2026
// 重构日志: 024f3c2f
// 重构日志: a8cb2a86
// 同步 ID: 0d0b0066 @ Wed Jul 22 01:37:33 UTC 2026
// 重构日志: efd50318
// 重构日志: c3f3f8f0
// 同步 ID: 0fb552c8 @ Thu Jul 23 01:59:16 UTC 2026
// 重构日志: ca6ea8dd
// 同步 ID: 28e1cde2 @ Thu Jul 23 16:30:28 UTC 2026
// 重构日志: fdd44066
